.
├── bak
│   └── docker-compose.yml
├── collector
│   ├── collector.py
│   ├── Dockerfile
│   ├── metrics.py
│   └── requirements.txt
├── config.yaml
├── dashboard
│   ├── app.py
│   ├── assets
│   │   ├── schema
│   │   │   ├── 3kw-off.png
│   │   │   ├── 3kw-on.png
│   │   │   ├── BV_komp_anim.png
│   │   │   ├── BV_main2.png
│   │   │   ├── KB-snurr.png
│   │   │   ├── kompressor-off.png
│   │   │   ├── komp-run.gif
│   │   │   ├── RAD-cooling.png
│   │   │   ├── RAD-hot.png
│   │   │   ├── RAD-pil.png
│   │   │   └── VB-snurr.png
│   │   └── style.css
│   ├── callbacks_graphs.py
│   ├── callbacks_kpi.py
│   ├── callbacks_status.py
│   ├── config_colors.py
│   ├── data_query.py
│   ├── Dockerfile
│   ├── layout_components.py
│   ├── layout.py
│   ├── README_SV.md
│   └── requirements.txt
├── docker-compose.yml
├── mosquitto
│   └── config
│       └── mosquitto.conf
└── tree.log

7 directories, 32 files
